<?xml version="1.0" ?>
<coverage version="7.4.0" timestamp="1716500000000" lines-valid="7" lines-covered="5" line-rate="0.7143" branches-covered="0" branches-valid="0" branch-rate="0" complexity="0">
	<sources>
		<source>/home/runner/work/myapp/myapp</source>
	</sources>
	<packages>
		<package name="myapp" line-rate="0.7143" branch-rate="0" complexity="0">
			<classes>
				<class name="calculator.py" filename="myapp/calculator.py" complexity="0" line-rate="0.7143" branch-rate="0">
					<methods/>
					<lines>
						<line number="1" hits="1"/>
						<line number="2" hits="1"/>
						<line number="4" hits="1"/>
						<line number="5" hits="1"/>
						<line number="6" hits="0"/>
						<line number="8" hits="1"/>
						<line number="9" hits="0"/>
					</lines>
				</class>
			</classes>
		</package>
	</packages>
</coverage>
