<?xml version="1.0" encoding="UTF-8" standalone="yes"?><!DOCTYPE report PUBLIC "-//JACOCO//DTD Report 1.0//EN"
        "report.dtd">
<report name="category-search">
    <sessioninfo id="f018984fad61-ced1e4fe" start="1541613826867" dump="1541613830700"/>
    <sessioninfo id="f018984fad61-7d4ea663" start="1541613832225" dump="1541613870310"/>
    <package name="com/tgt">
        <sourcefile name="CategorySearchApplication.java">
            <line nr="18" mi="0" ci="3" mb="0" cb="0"/>
            <line nr="27" mi="0" ci="10" mb="0" cb="0"/>
            <line nr="28" mi="0" ci="4" mb="0" cb="0"/>
            <line nr="29" mi="0" ci="9" mb="0" cb="0"/>
            <line nr="50" mi="0" ci="8" mb="0" cb="0"/>
            <line nr="52" mi="3" ci="0" mb="0" cb="0"/>
            <line nr="36" mi="0" ci="3" mb="0" cb="0"/>
            <line nr="37" mi="0" ci="8" mb="0" cb="0"/>
            <line nr="38" mi="0" ci="2" mb="0" cb="0"/>
        </sourcefile>
        <sourcefile name="SomeOtherClass.kt">
            <line nr="4" mi="0" ci="3" mb="0" cb="0"/>
            <line nr="5" mi="0" ci="10" mb="0" cb="0"/>
            <line nr="6" mi="0" ci="4" mb="0" cb="0"/>
            <line nr="10" mi="0" ci="9" mb="0" cb="0"/>
            <line nr="11" mi="0" ci="8" mb="0" cb="0"/>
            <line nr="12" mi="3" ci="0" mb="0" cb="0"/>
        </sourcefile>
    </package>
</report>